0 info it worked if it ends with ok
1 verbose cli [ '/usr/bin/nodejs',
1 verbose cli   '/usr/lib/node_modules/npm/bin/npm-cli.js',
1 verbose cli   'run',
1 verbose cli   'lintfix' ]
2 info using npm@3.10.10
3 info using node@v6.10.0
4 verbose run-script [ 'prelintfix', 'lintfix', 'postlintfix' ]
5 info lifecycle src@1.0.0~prelintfix: src@1.0.0
6 silly lifecycle src@1.0.0~prelintfix: no script for prelintfix, continuing
7 info lifecycle src@1.0.0~lintfix: src@1.0.0
8 verbose lifecycle src@1.0.0~lintfix: unsafe-perm in lifecycle true
9 verbose lifecycle src@1.0.0~lintfix: PATH: /usr/lib/node_modules/npm/bin/node-gyp-bin:/home/user/Projects/projectsForHelt/planner-gl/node_modules/.bin:/home/user/bin:/home/user/.local/bin:/usr/local/sbin:/usr/local/bin:/usr/sbin:/usr/bin:/sbin:/bin:/usr/games:/usr/local/games
10 verbose lifecycle src@1.0.0~lintfix: CWD: /home/user/Projects/projectsForHelt/planner-gl
11 silly lifecycle src@1.0.0~lintfix: Args: [ '-c', 'yarn run lintfix-js && yarn run lintfix-css' ]
12 silly lifecycle src@1.0.0~lintfix: Returned: code: 1  signal: null
13 info lifecycle src@1.0.0~lintfix: Failed to exec lintfix script
14 verbose stack Error: src@1.0.0 lintfix: `yarn run lintfix-js && yarn run lintfix-css`
14 verbose stack Exit status 1
14 verbose stack     at EventEmitter.<anonymous> (/usr/lib/node_modules/npm/lib/utils/lifecycle.js:255:16)
14 verbose stack     at emitTwo (events.js:106:13)
14 verbose stack     at EventEmitter.emit (events.js:191:7)
14 verbose stack     at ChildProcess.<anonymous> (/usr/lib/node_modules/npm/lib/utils/spawn.js:40:14)
14 verbose stack     at emitTwo (events.js:106:13)
14 verbose stack     at ChildProcess.emit (events.js:191:7)
14 verbose stack     at maybeClose (internal/child_process.js:877:16)
14 verbose stack     at Process.ChildProcess._handle.onexit (internal/child_process.js:226:5)
15 verbose pkgid src@1.0.0
16 verbose cwd /home/user/Projects/projectsForHelt/planner-gl
17 error Linux 4.4.0-53-generic
18 error argv "/usr/bin/nodejs" "/usr/lib/node_modules/npm/bin/npm-cli.js" "run" "lintfix"
19 error node v6.10.0
20 error npm  v3.10.10
21 error code ELIFECYCLE
22 error src@1.0.0 lintfix: `yarn run lintfix-js && yarn run lintfix-css`
22 error Exit status 1
23 error Failed at the src@1.0.0 lintfix script 'yarn run lintfix-js && yarn run lintfix-css'.
23 error Make sure you have the latest version of node.js and npm installed.
23 error If you do, this is most likely a problem with the src package,
23 error not with npm itself.
23 error Tell the author that this fails on your system:
23 error     yarn run lintfix-js && yarn run lintfix-css
23 error You can get information on how to open an issue for this project with:
23 error     npm bugs src
23 error Or if that isn't available, you can get their info via:
23 error     npm owner ls src
23 error There is likely additional logging output above.
24 verbose exit [ 1, true ]
